Sending query for doc 94...
Buffer reports doc 94 is not ready yet.
Sending query for doc 46...
Buffer reports doc 46 is not ready yet.
Sending query for doc 27...
Buffer reports doc 27 is not ready yet.
Sending query for doc 30...
Buffer reports doc 30 is not ready yet.
Sending query for doc 41...
Buffer reports doc 41 is not ready yet.
Sending query for doc 3...
Buffer reports doc 3 is not ready yet.
Sending query for doc 88...
Buffer reports doc 88 is not ready yet.
Sending query for doc 11...
Buffer reports doc 11 is not ready yet.
Sending query for doc 30...
Buffer reports doc 30 is not ready yet.
Sending query for doc 28...
Buffer reports doc 28 is not ready yet.
Sending query for doc 45...
Buffer reports doc 45 is not ready yet.
Sending query for doc 15...
Buffer reports doc 15 is not ready yet.
Sending query for doc 10...
Sending query for doc 73...
Buffer reports doc 73 is not ready yet.
Buffer returns doc 10 KV Cacahe with quality score 1.0.
Sending query for doc 14...
Buffer returns doc 14 KV Cacahe with quality score 1.0.
Sending query for doc 92...
Buffer reports doc 92 is not ready yet.
Sending query for doc 62...
Buffer reports doc 62 is not ready yet.
Sending query for doc 66...
Buffer reports doc 66 is not ready yet.
Sending query for doc 32...
Buffer reports doc 32 is not ready yet.
Sending query for doc 70...
Buffer reports doc 70 is not ready yet.
Sending query for doc 61...
Buffer reports doc 61 is not ready yet.
Sending query for doc 19...
Sending query for doc 52...
Buffer reports doc 52 is not ready yet.
Buffer returns doc 19 KV Cacahe with quality score 1.0.
Sending query for doc 9...
Buffer returns doc 9 KV Cacahe with quality score 1.0.
Sending query for doc 77...
Buffer reports doc 77 is not ready yet.
Sending query for doc 76...
Buffer reports doc 76 is not ready yet.
Sending query for doc 30...
Buffer returns doc 30 KV Cacahe with quality score 1.0.
Sending query for doc 61...
Buffer reports doc 61 is not ready yet.
Sending query for doc 26...
Sending query for doc 97...
Buffer reports doc 97 is not ready yet.
Buffer returns doc 26 KV Cacahe with quality score 1.0.
Sending query for doc 77...
Buffer reports doc 77 is not ready yet.
Sending query for doc 45...
Buffer reports doc 45 is not ready yet.
Sending query for doc 42...
Buffer reports doc 42 is not ready yet.
Sending query for doc 91...
Buffer reports doc 91 is not ready yet.
Sending query for doc 61...
Buffer reports doc 61 is not ready yet.
Sending query for doc 95...
Buffer reports doc 95 is not ready yet.
Sending query for doc 40...
Sending query for doc 54...
Buffer reports doc 54 is not ready yet.
Buffer returns doc 40 KV Cacahe with quality score 1.0.
Sending query for doc 8...
Sending query for doc 74...
Buffer reports doc 74 is not ready yet.
Sending query for doc 7...
Buffer returns doc 8 KV Cacahe with quality score 1.0.
Buffer returns doc 7 KV Cacahe with quality score 1.0.
Sending query for doc 47...
All queries submitted. Waiting for all finished...
Sending query for doc 39...
Buffer returns doc 39 KV Cacahe with quality score 1.0.
Buffer returns doc 47 KV Cacahe with quality score 1.0.
Benchmark completed.
Miss rate: 0.7441860465116279
Quality Score: 0.2558139534883721
Average retrival time for cache-hit query: 145.95800216279073 ms
