ts,doc_id
231,96
355,58
1157,5
1359,12
1359,60
1826,88
2787,45
3013,32
3469,32
3651,85
3655,97
3871,51
3877,55
3909,17
4540,56
4599,66
4780,12
4872,23
5252,26
5334,59
5847,0
6304,71
6339,12
6389,99
6556,0
6696,51
7020,63
7207,41
7365,84
7400,42
8014,43
8183,70
8430,73
8474,63
8566,88
8638,86
8718,81
8834,20
8986,58
9202,24
9463,92
9694,65
10029,81
10052,69
10537,39
11340,48
11482,20
11485,82
11800,19
11976,84
12307,64
12505,16
12784,70
12833,3
13329,16
13486,78
13707,29
13938,34
14156,87
14220,36
14498,58
15170,47
15203,72
15569,77
15706,49
16002,43
16225,31
16297,68
16369,68
16392,95
16603,67
16754,77
16884,64
16912,55
17173,90
17357,15
17519,48
17549,24
17733,58
18033,21
18089,42
18617,51
18841,51
18928,68
19061,74
19463,60
19587,99
19604,2
19938,86
19962,31
20164,21
20396,58
20618,58
20784,65
20939,49
21333,98
21741,75
22288,90
22299,85
22811,92
22875,64
23610,68
23735,42
24083,13
24153,73
24169,96
24260,7
24824,94
25162,11
25264,36
25303,40
25434,84
25525,62
25605,18
25657,12
25682,35
25839,76
26016,64
26182,69
26317,19
26518,83
26648,48
26958,45
26959,11
27090,91
27319,67
27347,38
27578,14
27786,98
27840,24
27870,95
28044,51
28113,97
28401,90
28544,47
28616,41
28651,78
29443,40
29503,72
29545,65
30167,45
