ts,doc_id
1158,170
1652,170
1992,170
1998,169
5504,167
6246,162
6878,162
7042,158
7753,157
7760,159
7907,161
9179,163
9411,168
9540,164
11415,165
11567,166
12307,166
13313,162
13477,162
13497,158
14437,162
14586,162
14629,157
14698,155
15296,158
15930,160
16101,162
16591,165
17063,162
17173,165
17198,167
17979,161
18086,155
18155,156
18927,150
19872,147
20027,144
20246,146
20823,149
21194,149
21249,151
21340,153
21364,153
22709,151
22748,153
22954,154
23076,153
23877,154
24820,156
25049,156
25065,159
25474,162
25847,160
27311,167
28157,169
28811,167
29336,164
30920,161
30958,159
30974,160
33351,155
34611,155
34745,159
35363,155
35681,153
36365,152
36602,145
37093,147
37169,154
37607,155
37937,152
37956,154
38585,154
40517,150
41575,151
43830,149
43871,151
44164,151
46761,150
47460,153
49545,158
49833,157
50205,160
50322,159
51231,157
51421,152
52765,148
52909,151
53229,152
54429,151
55080,148
55841,145
56060,151
56103,154
56966,160
58106,162
58732,158
59031,158
59395,157
60057,157
60575,157
60960,156
61864,155
62061,151
62123,153
62384,157
63857,154
64139,151
64327,149
64344,156
65009,155
65379,153
66271,153
66561,153
66616,154
66782,155
67134,150
67175,149
69112,152
70614,155
71676,156
72153,157
72393,156
73290,161
73320,163
73475,164
73690,162
73774,165
75059,163
75146,162
75198,156
76140,159
77320,155
78664,151
78919,148
79185,151
79576,149
79805,144
80358,139
81361,146
81465,140
82135,141
83230,144
83707,149
83784,151
84323,150
84783,148
84975,151
85722,154
85922,153
86219,156
86843,155
86895,151
88265,145
88663,144
89991,137
90149,134
90542,129
91198,129
92677,122
92841,119
93064,121
93967,121
94115,118
94152,118
94732,118
94885,120
95123,126
95193,127
95648,126
95660,123
96751,123
97007,119
97406,121
99990,122
100219,126
