ts,doc_id
67,151
139,145
3228,141
3879,138
4309,154
4542,141
5857,120
6319,101
6501,99
6615,99
11539,103
12134,103
12627,105
13368,112
13778,117
14707,113
14777,109
15380,105
16009,91
16138,91
16535,100
17866,123
18778,130
20197,143
20776,139
21052,136
21637,121
21763,136
24214,133
25381,139
25672,142
25687,148
25733,139
26451,141
26925,142
27719,131
28821,136
29709,138
30439,141
30622,128
31780,120
35205,113
35614,102
38379,107
40851,98
41625,82
41798,91
43168,83
45904,73
47546,63
48213,67
48576,69
49367,74
49834,63
50105,57
53005,71
55348,68
56141,61
57539,71
57892,61
58058,48
59717,42
60691,46
61536,52
61808,19
62589,16
62683,32
62972,35
63275,21
63309,14
65379,0
66303,11
68694,0
69200,0
69537,20
70038,11
70288,4
70740,0
72677,0
76014,0
76724,0
77990,0
78023,0
79245,18
81313,13
84042,13
86094,6
87821,10
88285,9
89667,0
90060,0
90954,2
90973,0
92185,0
92959,0
93041,6
93144,17
95136,17
97603,24
97611,24
99794,48
100358,45
100704,45
100838,58
100960,63
101255,67
101547,59
101580,72
101723,80
104439,53
106280,42
106691,47
107022,47
107583,49
108129,57
109550,61
111273,67
111311,78
112283,80
112766,86
113056,96
113726,86
116249,81
116401,67
117060,62
117357,79
118720,67
119336,75
120239,62
