ts,doc_id
512,141
720,161
988,106
1948,4
4376,45
5097,63
5696,47
7439,55
9166,162
9247,96
9987,114
11035,183
11208,133
14795,122
17335,164
17811,31
19549,191
20456,21
21265,170
21664,84
21948,154
22144,143
22523,35
24106,101
26763,29
28621,121
30682,177
34515,20
35356,49
36858,68
37382,59
40194,36
41996,165
44966,167
45920,191
45935,142
46331,24
46795,197
47553,10
48050,148
48566,122
48696,140
50808,173
50828,30
52641,156
52762,107
53862,149
54472,199
55902,18
58639,110
59993,109
60881,33
62093,125
62796,191
63181,15
65054,184
66395,17
66444,155
67492,149
68182,86
68734,84
69144,18
70252,153
70560,179
71454,58
71652,157
71753,91
72911,179
73194,38
73816,12
74168,191
76050,33
76523,58
79733,181
80350,86
80652,125
80964,92
82837,171
85638,180
86538,193
87163,96
87279,19
91611,6
91688,123
92282,122
93831,54
93903,67
95020,171
96211,62
96213,114
96290,1
96358,27
97173,134
97366,40
98643,192
98916,196
99283,130
99575,163
99898,194
100688,36
100801,29
101054,108
101630,142
101991,10
102220,135
102814,171
103582,10
105393,166
106016,134
106119,92
108819,56
109765,84
110198,26
111782,40
112300,94
112954,27
113144,3
113339,115
114585,93
115400,199
115658,71
115830,163
115846,45
116526,192
117326,16
118957,164
120946,173
