ts,doc_id
32,82
101,108
1053,47
1132,32
1951,188
2276,27
2400,176
3295,96
3646,7
3808,162
4102,168
4160,110
4405,91
5277,151
5464,114
5503,96
6438,13
6475,112
6607,119
7004,101
7446,156
7691,85
7725,131
9256,29
9691,178
9896,3
10523,142
10879,199
11427,66
11956,148
12203,144
12280,152
13185,160
13469,131
13797,125
13914,131
14103,117
14251,192
14291,174
14757,147
14936,34
15478,181
16519,102
16883,92
17378,178
17764,145
19093,190
19756,63
20085,71
20158,92
20223,137
20847,10
21392,92
21574,111
22165,107
22601,196
23755,110
24167,132
24386,68
26055,113
26578,137
26798,191
26915,41
27309,164
27519,57
27708,170
27881,189
29193,48
29965,63
30011,120
